BluetoothControler/app/build/intermediates/manifest_merge_blame_file/debug/manifest-merger-blame-debug-report.txt
1<?xml version="1.0" encoding="utf-8"?>
2<manifest xmlns:android="http://schemas.android.com/apk/res/android"
3    package="com.example.bluetoothcontroler"
4    android:versionCode="1"
5    android:versionName="1.0" >
6
7    <uses-sdk
8        android:minSdkVersion="27"
8-->src\main\AndroidManifest.xml
9        android:targetSdkVersion="30" />
9-->src\main\AndroidManifest.xml
10
11    <!-- Request legacy Bluetooth permissions on older devices. -->
12
13    <uses-permission android:name="android.permission.BLUETOOTH" />
13-->src\main\AndroidManifest.xml:7:5-68
13-->src\main\AndroidManifest.xml:7:22-65
14    <uses-permission
14-->src\main\AndroidManifest.xml:9:5-10:38
15        android:name="android.permission.BLUETOOTH_ADMIN"
15-->src\main\AndroidManifest.xml:9:22-71
16        android:maxSdkVersion="30" />
16-->src\main\AndroidManifest.xml:10:9-35
17
18    <!--
19         Needed only if your app looks for Bluetooth devices.
20         If your app doesn't use Bluetooth scan results to derive physical
21         location information, you can strongly assert that your app
22         doesn't derive physical location.
23    -->
24    <uses-permission android:name="android.permission.BLUETOOTH" />
24-->src\main\AndroidManifest.xml:7:5-68
24-->src\main\AndroidManifest.xml:7:22-65
25    <uses-permission android:name="android.permission.BLUETOOTH_SCAN" />
25-->src\main\AndroidManifest.xml:17:5-73
25-->src\main\AndroidManifest.xml:17:22-70
26
27    <!--
28         Needed only if your app makes the device discoverable to Bluetooth
29         devices.
30    -->
31    <uses-permission android:name="android.permission.BLUETOOTH_ADVERTISE" />
31-->src\main\AndroidManifest.xml:21:5-78
31-->src\main\AndroidManifest.xml:21:22-75
32
33    <!--
34         Needed only if your app communicates with already-paired Bluetooth
35         devices.
36    -->
37    <uses-permission android:name="android.permission.BLUETOOTH_CONNECT" />
37-->src\main\AndroidManifest.xml:25:5-76
37-->src\main\AndroidManifest.xml:25:22-73
38
39    <!-- Needed only if your app uses Bluetooth scan results to derive physical location. -->
40    <uses-permission android:name="android.permission.ACCESS_FINE_LOCATION" />
40-->src\main\AndroidManifest.xml:28:5-79
40-->src\main\AndroidManifest.xml:28:22-76
41
42    <application
42-->src\main\AndroidManifest.xml:29:5-47:19
43        android:allowBackup="true"
43-->src\main\AndroidManifest.xml:30:9-35
44        android:appComponentFactory="androidx.core.app.CoreComponentFactory"
44-->[androidx.core:core:1.3.1] AndroidManifest.xml:24:18-86
45        android:debuggable="true"
46        android:extractNativeLibs="false"
47        android:icon="@mipmap/ic_launcher"
47-->src\main\AndroidManifest.xml:31:9-43
48        android:label="@string/app_name"
48-->src\main\AndroidManifest.xml:32:9-41
49        android:roundIcon="@mipmap/ic_launcher_round"
49-->src\main\AndroidManifest.xml:33:9-54
50        android:supportsRtl="true"
50-->src\main\AndroidManifest.xml:34:9-35
51        android:testOnly="true"
52        android:theme="@style/Theme.BluetoothControler" >
52-->src\main\AndroidManifest.xml:35:9-56
53        <activity
53-->src\main\AndroidManifest.xml:36:9-46:20
54            android:name="com.example.bluetoothcontroler.MainActivity"
54-->src\main\AndroidManifest.xml:37:13-41
55            android:exported="true" >
55-->src\main\AndroidManifest.xml:38:13-36
56            <intent-filter>
56-->src\main\AndroidManifest.xml:39:13-45:29
57                <action
57-->src\main\AndroidManifest.xml:40:17-42:61
58                    android:name="android.intent.action.MAIN"
58-->src\main\AndroidManifest.xml:40:25-66
59                    android:configChanges="orientation"
59-->src\main\AndroidManifest.xml:41:21-56
60                    android:screenOrientation="landscape" />
60-->src\main\AndroidManifest.xml:42:21-58
61
62                <category android:name="android.intent.category.LAUNCHER" />
62-->src\main\AndroidManifest.xml:44:17-77
62-->src\main\AndroidManifest.xml:44:27-74
63            </intent-filter>
64        </activity>
65    </application>
66
67</manifest>